Namespace(data_path=None, prior_path=None, constraint_path=None, data_dir='data', model_type='bowfree_ddeci_gaussian', model_dir=None, model_config='configs/ddeci/bowfree_ddeci_gaussian.json', dataset_config='configs/dataset_config_latent_confounded_causal_dataset.json', impute_config=None, objective_config=None, run_inference=False, extra_eval=False, max_steps=inf, max_al_rows=inf, active_learning=None, users_to_plot=[0], causal_discovery=False, latent_confounded_causal_discovery=True, treatment_effects=True, output_dir='runs', name=None, device='gpu', tiny=False, random_seed=None, default_configs_dir='configs', logger_level='INFO', eval_likelihood=True, conversion_type='full_time', enable_diagonal_eval=True, dataset_name='20_0')
2024-01-19 18:02:32,826 run_single_seed_experiment.py:122[INFO]Loading data.
2024-01-19 18:02:32,826 csv_dataset_loader.py:112[INFO]Using a predefined data split to load the dataset.
2024-01-19 18:02:32,839 dataset_loader.py:86[INFO]Variables info data/20_0/variables.json exists: False.
Minimum value of variable Column 0 inferred as -21.15661895397801. This can be changed manually in the dataset's variables.json file
Max value of variable Column 0 inferred as 23.95202481892116. This can be changed manually in the dataset's variables.json file
Variable Column 0 inferred to be a queriable variable. This can be changed manually in the dataset's variables.json file by updating the "query" field.
Variable Column 0 inferred as not an active learning target variable. This can be changed manually in the dataset's variables.json file by updating the "target" field.
Variable Column 0 inferred as an always observed target variable. This can be changed manually in the dataset's variables.json file by updating the "always_observed" field.
Minimum value of variable Column 1 inferred as -3.169886404514348. This can be changed manually in the dataset's variables.json file
Max value of variable Column 1 inferred as 3.8002931866778233. This can be changed manually in the dataset's variables.json file
Variable Column 1 inferred to be a queriable variable. This can be changed manually in the dataset's variables.json file by updating the "query" field.
Variable Column 1 inferred as not an active learning target variable. This can be changed manually in the dataset's variables.json file by updating the "target" field.
Variable Column 1 inferred as an always observed target variable. This can be changed manually in the dataset's variables.json file by updating the "always_observed" field.
Minimum value of variable Column 2 inferred as -4.021632709162722. This can be changed manually in the dataset's variables.json file
Max value of variable Column 2 inferred as 4.479300907453768. This can be changed manually in the dataset's variables.json file
Variable Column 2 inferred to be a queriable variable. This can be changed manually in the dataset's variables.json file by updating the "query" field.
Variable Column 2 inferred as not an active learning target variable. This can be changed manually in the dataset's variables.json file by updating the "target" field.
Variable Column 2 inferred as an always observed target variable. This can be changed manually in the dataset's variables.json file by updating the "always_observed" field.
Minimum value of variable Column 3 inferred as -14.580057830252084. This can be changed manually in the dataset's variables.json file
Max value of variable Column 3 inferred as 12.0514698208314. This can be changed manually in the dataset's variables.json file
Variable Column 3 inferred to be a queriable variable. This can be changed manually in the dataset's variables.json file by updating the "query" field.
Variable Column 3 inferred as not an active learning target variable. This can be changed manually in the dataset's variables.json file by updating the "target" field.
Variable Column 3 inferred as an always observed target variable. This can be changed manually in the dataset's variables.json file by updating the "always_observed" field.
Minimum value of variable Column 4 inferred as -11.648195460423771. This can be changed manually in the dataset's variables.json file
Max value of variable Column 4 inferred as 11.020935274620404. This can be changed manually in the dataset's variables.json file
Variable Column 4 inferred to be a queriable variable. This can be changed manually in the dataset's variables.json file by updating the "query" field.
Variable Column 4 inferred as not an active learning target variable. This can be changed manually in the dataset's variables.json file by updating the "target" field.
Variable Column 4 inferred as an always observed target variable. This can be changed manually in the dataset's variables.json file by updating the "always_observed" field.
Minimum value of variable Column 5 inferred as -4.318305656433825. This can be changed manually in the dataset's variables.json file
Max value of variable Column 5 inferred as 3.818608959676871. This can be changed manually in the dataset's variables.json file
Variable Column 5 inferred to be a queriable variable. This can be changed manually in the dataset's variables.json file by updating the "query" field.
Variable Column 5 inferred as not an active learning target variable. This can be changed manually in the dataset's variables.json file by updating the "target" field.
Variable Column 5 inferred as an always observed target variable. This can be changed manually in the dataset's variables.json file by updating the "always_observed" field.
Minimum value of variable Column 6 inferred as -3.9882519973642014. This can be changed manually in the dataset's variables.json file
Max value of variable Column 6 inferred as 3.3360622451978448. This can be changed manually in the dataset's variables.json file
Variable Column 6 inferred to be a queriable variable. This can be changed manually in the dataset's variables.json file by updating the "query" field.
Variable Column 6 inferred as not an active learning target variable. This can be changed manually in the dataset's variables.json file by updating the "target" field.
Variable Column 6 inferred as an always observed target variable. This can be changed manually in the dataset's variables.json file by updating the "always_observed" field.
Minimum value of variable Column 7 inferred as -6.0527805003647295. This can be changed manually in the dataset's variables.json file
Max value of variable Column 7 inferred as 4.8758650382493185. This can be changed manually in the dataset's variables.json file
Variable Column 7 inferred to be a queriable variable. This can be changed manually in the dataset's variables.json file by updating the "query" field.
Variable Column 7 inferred as not an active learning target variable. This can be changed manually in the dataset's variables.json file by updating the "target" field.
Variable Column 7 inferred as an always observed target variable. This can be changed manually in the dataset's variables.json file by updating the "always_observed" field.
Minimum value of variable Column 8 inferred as -3.969661809561916. This can be changed manually in the dataset's variables.json file
Max value of variable Column 8 inferred as 4.536698347732198. This can be changed manually in the dataset's variables.json file
Variable Column 8 inferred to be a queriable variable. This can be changed manually in the dataset's variables.json file by updating the "query" field.
Variable Column 8 inferred as not an active learning target variable. This can be changed manually in the dataset's variables.json file by updating the "target" field.
Variable Column 8 inferred as an always observed target variable. This can be changed manually in the dataset's variables.json file by updating the "always_observed" field.
Minimum value of variable Column 9 inferred as -3.228010282995169. This can be changed manually in the dataset's variables.json file
Max value of variable Column 9 inferred as 2.731851371897267. This can be changed manually in the dataset's variables.json file
Variable Column 9 inferred to be a queriable variable. This can be changed manually in the dataset's variables.json file by updating the "query" field.
Variable Column 9 inferred as not an active learning target variable. This can be changed manually in the dataset's variables.json file by updating the "target" field.
Variable Column 9 inferred as an always observed target variable. This can be changed manually in the dataset's variables.json file by updating the "always_observed" field.
Minimum value of variable Column 10 inferred as -3.1934381265830285. This can be changed manually in the dataset's variables.json file
Max value of variable Column 10 inferred as 2.9682003200963663. This can be changed manually in the dataset's variables.json file
Variable Column 10 inferred to be a queriable variable. This can be changed manually in the dataset's variables.json file by updating the "query" field.
Variable Column 10 inferred as not an active learning target variable. This can be changed manually in the dataset's variables.json file by updating the "target" field.
Variable Column 10 inferred as an always observed target variable. This can be changed manually in the dataset's variables.json file by updating the "always_observed" field.
Minimum value of variable Column 11 inferred as -41.78352293578165. This can be changed manually in the dataset's variables.json file
Max value of variable Column 11 inferred as 39.29772065551101. This can be changed manually in the dataset's variables.json file
Variable Column 11 inferred to be a queriable variable. This can be changed manually in the dataset's variables.json file by updating the "query" field.
Variable Column 11 inferred as not an active learning target variable. This can be changed manually in the dataset's variables.json file by updating the "target" field.
Variable Column 11 inferred as an always observed target variable. This can be changed manually in the dataset's variables.json file by updating the "always_observed" field.
Minimum value of variable Column 12 inferred as -5.706296710270766. This can be changed manually in the dataset's variables.json file
Max value of variable Column 12 inferred as 5.401270323655374. This can be changed manually in the dataset's variables.json file
Variable Column 12 inferred to be a queriable variable. This can be changed manually in the dataset's variables.json file by updating the "query" field.
Variable Column 12 inferred as not an active learning target variable. This can be changed manually in the dataset's variables.json file by updating the "target" field.
Variable Column 12 inferred as an always observed target variable. This can be changed manually in the dataset's variables.json file by updating the "always_observed" field.
Minimum value of variable Column 13 inferred as -33.844774421341754. This can be changed manually in the dataset's variables.json file
Max value of variable Column 13 inferred as 33.58949732990816. This can be changed manually in the dataset's variables.json file
Variable Column 13 inferred to be a queriable variable. This can be changed manually in the dataset's variables.json file by updating the "query" field.
Variable Column 13 inferred as not an active learning target variable. This can be changed manually in the dataset's variables.json file by updating the "target" field.
Variable Column 13 inferred as an always observed target variable. This can be changed manually in the dataset's variables.json file by updating the "always_observed" field.
Minimum value of variable Column 14 inferred as -8.578661191816398. This can be changed manually in the dataset's variables.json file
Max value of variable Column 14 inferred as 10.177448826341836. This can be changed manually in the dataset's variables.json file
Variable Column 14 inferred to be a queriable variable. This can be changed manually in the dataset's variables.json file by updating the "query" field.
Variable Column 14 inferred as not an active learning target variable. This can be changed manually in the dataset's variables.json file by updating the "target" field.
Variable Column 14 inferred as an always observed target variable. This can be changed manually in the dataset's variables.json file by updating the "always_observed" field.
Minimum value of variable Column 15 inferred as -7.353726403243142. This can be changed manually in the dataset's variables.json file
Max value of variable Column 15 inferred as 9.005261681176131. This can be changed manually in the dataset's variables.json file
Variable Column 15 inferred to be a queriable variable. This can be changed manually in the dataset's variables.json file by updating the "query" field.
Variable Column 15 inferred as not an active learning target variable. This can be changed manually in the dataset's variables.json file by updating the "target" field.
Variable Column 15 inferred as an always observed target variable. This can be changed manually in the dataset's variables.json file by updating the "always_observed" field.
Minimum value of variable Column 16 inferred as -22.184480557656233. This can be changed manually in the dataset's variables.json file
Max value of variable Column 16 inferred as 22.79357935274687. This can be changed manually in the dataset's variables.json file
Variable Column 16 inferred to be a queriable variable. This can be changed manually in the dataset's variables.json file by updating the "query" field.
Variable Column 16 inferred as not an active learning target variable. This can be changed manually in the dataset's variables.json file by updating the "target" field.
Variable Column 16 inferred as an always observed target variable. This can be changed manually in the dataset's variables.json file by updating the "always_observed" field.
Minimum value of variable Column 17 inferred as -17.146804134741238. This can be changed manually in the dataset's variables.json file
Max value of variable Column 17 inferred as 14.967017836171708. This can be changed manually in the dataset's variables.json file
Variable Column 17 inferred to be a queriable variable. This can be changed manually in the dataset's variables.json file by updating the "query" field.
Variable Column 17 inferred as not an active learning target variable. This can be changed manually in the dataset's variables.json file by updating the "target" field.
Variable Column 17 inferred as an always observed target variable. This can be changed manually in the dataset's variables.json file by updating the "always_observed" field.
Minimum value of variable Column 18 inferred as -6.944930430048426. This can be changed manually in the dataset's variables.json file
Max value of variable Column 18 inferred as 6.52180896679898. This can be changed manually in the dataset's variables.json file
Variable Column 18 inferred to be a queriable variable. This can be changed manually in the dataset's variables.json file by updating the "query" field.
Variable Column 18 inferred as not an active learning target variable. This can be changed manually in the dataset's variables.json file by updating the "target" field.
Variable Column 18 inferred as an always observed target variable. This can be changed manually in the dataset's variables.json file by updating the "always_observed" field.
Minimum value of variable Column 19 inferred as -10.301850124739168. This can be changed manually in the dataset's variables.json file
Max value of variable Column 19 inferred as 10.935681567614896. This can be changed manually in the dataset's variables.json file
Variable Column 19 inferred to be a queriable variable. This can be changed manually in the dataset's variables.json file by updating the "query" field.
Variable Column 19 inferred as not an active learning target variable. This can be changed manually in the dataset's variables.json file by updating the "target" field.
Variable Column 19 inferred as an always observed target variable. This can be changed manually in the dataset's variables.json file by updating the "always_observed" field.
2024-01-19 18:02:32,842 latent_confounded_causal_csv_dataset_loader.py:89[INFO]Create confounded causal dataset.
2024-01-19 18:02:32,842 latent_confounded_causal_csv_dataset_loader.py:114[INFO]Directed adjacency matrix found.
2024-01-19 18:02:32,843 latent_confounded_causal_csv_dataset_loader.py:128[INFO]Bidirected adjacency matrix found.
2024-01-19 18:02:32,844 causal_csv_dataset_loader.py:171[INFO]Intervention data not found.
2024-01-19 18:02:32,844 causal_csv_dataset_loader.py:171[INFO]Intervention data not found.
2024-01-19 18:02:32,844 train_step.py:25[INFO]Variable info: {'variables': [{'query': True, 'target': False, 'type': 'continuous', 'name': 'Column 0', 'group_name': 'Column 0', 'lower': -21.15661895397801, 'upper': 23.95202481892116, 'always_observed': True, 'is_latent': False}, {'query': True, 'target': False, 'type': 'continuous', 'name': 'Column 1', 'group_name': 'Column 1', 'lower': -3.169886404514348, 'upper': 3.8002931866778233, 'always_observed': True, 'is_latent': False}, {'query': True, 'target': False, 'type': 'continuous', 'name': 'Column 2', 'group_name': 'Column 2', 'lower': -4.021632709162722, 'upper': 4.479300907453768, 'always_observed': True, 'is_latent': False}, {'query': True, 'target': False, 'type': 'continuous', 'name': 'Column 3', 'group_name': 'Column 3', 'lower': -14.580057830252084, 'upper': 12.0514698208314, 'always_observed': True, 'is_latent': False}, {'query': True, 'target': False, 'type': 'continuous', 'name': 'Column 4', 'group_name': 'Column 4', 'lower': -11.648195460423771, 'upper': 11.020935274620404, 'always_observed': True, 'is_latent': False}, {'query': True, 'target': False, 'type': 'continuous', 'name': 'Column 5', 'group_name': 'Column 5', 'lower': -4.318305656433825, 'upper': 3.818608959676871, 'always_observed': True, 'is_latent': False}, {'query': True, 'target': False, 'type': 'continuous', 'name': 'Column 6', 'group_name': 'Column 6', 'lower': -3.9882519973642014, 'upper': 3.3360622451978448, 'always_observed': True, 'is_latent': False}, {'query': True, 'target': False, 'type': 'continuous', 'name': 'Column 7', 'group_name': 'Column 7', 'lower': -6.0527805003647295, 'upper': 4.8758650382493185, 'always_observed': True, 'is_latent': False}, {'query': True, 'target': False, 'type': 'continuous', 'name': 'Column 8', 'group_name': 'Column 8', 'lower': -3.969661809561916, 'upper': 4.536698347732198, 'always_observed': True, 'is_latent': False}, {'query': True, 'target': False, 'type': 'continuous', 'name': 'Column 9', 'group_name': 'Column 9', 'lower': -3.228010282995169, 'upper': 2.731851371897267, 'always_observed': True, 'is_latent': False}, {'query': True, 'target': False, 'type': 'continuous', 'name': 'Column 10', 'group_name': 'Column 10', 'lower': -3.1934381265830285, 'upper': 2.9682003200963663, 'always_observed': True, 'is_latent': False}, {'query': True, 'target': False, 'type': 'continuous', 'name': 'Column 11', 'group_name': 'Column 11', 'lower': -41.78352293578165, 'upper': 39.29772065551101, 'always_observed': True, 'is_latent': False}, {'query': True, 'target': False, 'type': 'continuous', 'name': 'Column 12', 'group_name': 'Column 12', 'lower': -5.706296710270766, 'upper': 5.401270323655374, 'always_observed': True, 'is_latent': False}, {'query': True, 'target': False, 'type': 'continuous', 'name': 'Column 13', 'group_name': 'Column 13', 'lower': -33.844774421341754, 'upper': 33.58949732990816, 'always_observed': True, 'is_latent': False}, {'query': True, 'target': False, 'type': 'continuous', 'name': 'Column 14', 'group_name': 'Column 14', 'lower': -8.578661191816398, 'upper': 10.177448826341836, 'always_observed': True, 'is_latent': False}, {'query': True, 'target': False, 'type': 'continuous', 'name': 'Column 15', 'group_name': 'Column 15', 'lower': -7.353726403243142, 'upper': 9.005261681176131, 'always_observed': True, 'is_latent': False}, {'query': True, 'target': False, 'type': 'continuous', 'name': 'Column 16', 'group_name': 'Column 16', 'lower': -22.184480557656233, 'upper': 22.79357935274687, 'always_observed': True, 'is_latent': False}, {'query': True, 'target': False, 'type': 'continuous', 'name': 'Column 17', 'group_name': 'Column 17', 'lower': -17.146804134741238, 'upper': 14.967017836171708, 'always_observed': True, 'is_latent': False}, {'query': True, 'target': False, 'type': 'continuous', 'name': 'Column 18', 'group_name': 'Column 18', 'lower': -6.944930430048426, 'upper': 6.52180896679898, 'always_observed': True, 'is_latent': False}, {'query': True, 'target': False, 'type': 'continuous', 'name': 'Column 19', 'group_name': 'Column 19', 'lower': -10.301850124739168, 'upper': 10.935681567614896, 'always_observed': True, 'is_latent': False}], 'auxiliary_variables': [], 'used_cols': [0, 1, 2, 3, 4, 5, 6, 7, 8, 9, 10, 11, 12, 13, 14, 15, 16, 17, 18, 19]}
2024-01-19 18:02:32,844 train_step.py:27[INFO]Creating new model
2024-01-19 18:02:33,369 torch_model.py:199[INFO]Model has 2691120 trainable parameters.
2024-01-19 18:02:33,381 models_factory.py:101[INFO]No prior adj matrix is specified.
2024-01-19 18:02:33,381 models_factory.py:138[INFO]No constraint adj matrix is specified.
2024-01-19 18:02:33,382 train_step.py:41[INFO]Created model with ID e6d807aa-e024-4726-9ca3-860cdf4b9af2.
2024-01-19 18:02:33,382 train_step.py:44[INFO]Training model.
Saving logs to runs/2024-01-19_180232/models/e6d807aa-e024-4726-9ca3-860cdf4b9af2/train_output/summary
Auglag Step: 0
Beta Value: 0.2
LR: 0.001
Inner Step: 100, loss: 197.93, log p(x|A): -125.84, dag: 30.97324171, log p(A)_sp: -1.16, log q(A): -0.275, H filled: 0.000, rec: 0.000, penalty_dag_weighed: 0.523, log_p_u: -228, log_p_u_weighed: -45.7, log_qu_x: 125, log_qu_x_weighed: 25
Inner Step: 200, loss: 84.11, log p(x|A): -43.17, dag: 27.23986708, log p(A)_sp: -1.15, log q(A): -0.268, H filled: 0.000, rec: 0.000, penalty_dag_weighed: 0.395, log_p_u: -235, log_p_u_weighed: -47, log_qu_x: -36.5, log_qu_x_weighed: -7.3
Inner Step: 300, loss: 66.35, log p(x|A): -39.78, dag: 29.30082802, log p(A)_sp: -1.16, log q(A): -0.263, H filled: 0.000, rec: 0.000, penalty_dag_weighed: 0.455, log_p_u: -247, log_p_u_weighed: -49.5, log_qu_x: -121, log_qu_x_weighed: -24.3
Inner Step: 400, loss: 55.48, log p(x|A): -38.44, dag: 26.89698883, log p(A)_sp: -1.15, log q(A): -0.258, H filled: 0.000, rec: 0.000, penalty_dag_weighed: 0.384, log_p_u: -257, log_p_u_weighed: -51.5, log_qu_x: -179, log_qu_x_weighed: -35.7
Inner Step: 500, loss: 48.02, log p(x|A): -35.99, dag: 27.58860302, log p(A)_sp: -1.16, log q(A): -0.252, H filled: 0.000, rec: 0.000, penalty_dag_weighed: 0.415, log_p_u: -264, log_p_u_weighed: -52.8, log_qu_x: -210, log_qu_x_weighed: -42.1
Inner Step: 600, loss: 44.57, log p(x|A): -34.77, dag: 25.45481838, log p(A)_sp: -1.13, log q(A): -0.247, H filled: 0.000, rec: 0.000, penalty_dag_weighed: 0.342, log_p_u: -268, log_p_u_weighed: -53.6, log_qu_x: -225, log_qu_x_weighed: -45
Inner Step: 700, loss: 43.21, log p(x|A): -34.38, dag: 26.39611538, log p(A)_sp: -1.12, log q(A): -0.242, H filled: 0.000, rec: 0.000, penalty_dag_weighed: 0.37, log_p_u: -269, log_p_u_weighed: -53.8, log_qu_x: -231, log_qu_x_weighed: -46.2
Inner Step: 800, loss: 41.66, log p(x|A): -33.42, dag: 25.01460789, log p(A)_sp: -1.10, log q(A): -0.238, H filled: 0.000, rec: 0.000, penalty_dag_weighed: 0.336, log_p_u: -269, log_p_u_weighed: -53.9, log_qu_x: -234, log_qu_x_weighed: -46.8
Inner Step: 900, loss: 40.45, log p(x|A): -32.55, dag: 25.41219721, log p(A)_sp: -1.10, log q(A): -0.233, H filled: 0.000, rec: 0.000, penalty_dag_weighed: 0.341, log_p_u: -270, log_p_u_weighed: -54, log_qu_x: -236, log_qu_x_weighed: -47.3
Inner Step: 1000, loss: 38.30, log p(x|A): -30.69, dag: 24.81835995, log p(A)_sp: -1.08, log q(A): -0.228, H filled: 0.000, rec: 0.000, penalty_dag_weighed: 0.327, log_p_u: -270, log_p_u_weighed: -53.9, log_qu_x: -237, log_qu_x_weighed: -47.5
Inner Step: 1100, loss: 37.38, log p(x|A): -29.99, dag: 24.53791546, log p(A)_sp: -1.06, log q(A): -0.223, H filled: 0.000, rec: 0.000, penalty_dag_weighed: 0.322, log_p_u: -270, log_p_u_weighed: -54, log_qu_x: -239, log_qu_x_weighed: -47.7
Inner Step: 1200, loss: 36.89, log p(x|A): -29.44, dag: 23.77054911, log p(A)_sp: -1.04, log q(A): -0.219, H filled: 0.000, rec: 0.000, penalty_dag_weighed: 0.299, log_p_u: -270, log_p_u_weighed: -54, log_qu_x: -238, log_qu_x_weighed: -47.6
Inner Step: 1300, loss: 35.85, log p(x|A): -28.42, dag: 23.27653305, log p(A)_sp: -1.02, log q(A): -0.214, H filled: 0.000, rec: 0.000, penalty_dag_weighed: 0.296, log_p_u: -270, log_p_u_weighed: -53.9, log_qu_x: -238, log_qu_x_weighed: -47.6
Inner Step: 1400, loss: 34.74, log p(x|A): -27.14, dag: 22.53395491, log p(A)_sp: -1.00, log q(A): -0.209, H filled: 0.000, rec: 0.000, penalty_dag_weighed: 0.271, log_p_u: -270, log_p_u_weighed: -53.9, log_qu_x: -237, log_qu_x_weighed: -47.4
Inner Step: 1500, loss: 32.63, log p(x|A): -25.03, dag: 21.96971905, log p(A)_sp: -0.99, log q(A): -0.205, H filled: 0.000, rec: 0.000, penalty_dag_weighed: 0.258, log_p_u: -270, log_p_u_weighed: -54, log_qu_x: -237, log_qu_x_weighed: -47.4
Inner Step: 1600, loss: 30.58, log p(x|A): -22.86, dag: 20.58552467, log p(A)_sp: -0.97, log q(A): -0.201, H filled: 0.000, rec: 0.000, penalty_dag_weighed: 0.225, log_p_u: -270, log_p_u_weighed: -54, log_qu_x: -236, log_qu_x_weighed: -47.3
Inner Step: 1700, loss: 30.02, log p(x|A): -22.26, dag: 19.44455830, log p(A)_sp: -0.96, log q(A): -0.197, H filled: 0.000, rec: 0.000, penalty_dag_weighed: 0.204, log_p_u: -270, log_p_u_weighed: -54, log_qu_x: -236, log_qu_x_weighed: -47.2
Inner Step: 1800, loss: 29.61, log p(x|A): -21.76, dag: 20.69939081, log p(A)_sp: -0.94, log q(A): -0.194, H filled: 0.000, rec: 0.000, penalty_dag_weighed: 0.232, log_p_u: -270, log_p_u_weighed: -54, log_qu_x: -236, log_qu_x_weighed: -47.2
Inner Step: 1900, loss: 28.43, log p(x|A): -20.52, dag: 19.80341278, log p(A)_sp: -0.94, log q(A): -0.191, H filled: 0.000, rec: 0.000, penalty_dag_weighed: 0.211, log_p_u: -270, log_p_u_weighed: -54.1, log_qu_x: -236, log_qu_x_weighed: -47.2
Inner Step: 2000, loss: 28.38, log p(x|A): -20.32, dag: 18.66599249, log p(A)_sp: -0.93, log q(A): -0.188, H filled: 0.000, rec: 0.000, penalty_dag_weighed: 0.186, log_p_u: -270, log_p_u_weighed: -54.1, log_qu_x: -235, log_qu_x_weighed: -46.9
Inner Step: 2100, loss: 28.21, log p(x|A): -20.18, dag: 18.93899488, log p(A)_sp: -0.92, log q(A): -0.185, H filled: 0.000, rec: 0.000, penalty_dag_weighed: 0.192, log_p_u: -271, log_p_u_weighed: -54.1, log_qu_x: -235, log_qu_x_weighed: -47
Inner Step: 2200, loss: 27.03, log p(x|A): -18.95, dag: 18.92240616, log p(A)_sp: -0.90, log q(A): -0.182, H filled: 0.000, rec: 0.000, penalty_dag_weighed: 0.191, log_p_u: -270, log_p_u_weighed: -54.1, log_qu_x: -235, log_qu_x_weighed: -46.9
Inner Step: 2300, loss: 26.61, log p(x|A): -18.28, dag: 18.43086054, log p(A)_sp: -0.89, log q(A): -0.179, H filled: 0.000, rec: 0.000, penalty_dag_weighed: 0.183, log_p_u: -271, log_p_u_weighed: -54.1, log_qu_x: -233, log_qu_x_weighed: -46.7
Inner Step: 2400, loss: 25.67, log p(x|A): -17.36, dag: 17.65090046, log p(A)_sp: -0.88, log q(A): -0.177, H filled: 0.000, rec: 0.000, penalty_dag_weighed: 0.165, log_p_u: -271, log_p_u_weighed: -54.2, log_qu_x: -234, log_qu_x_weighed: -46.7
Inner Step: 2500, loss: 24.36, log p(x|A): -16.13, dag: 17.02715143, log p(A)_sp: -0.87, log q(A): -0.174, H filled: 0.000, rec: 0.000, penalty_dag_weighed: 0.156, log_p_u: -271, log_p_u_weighed: -54.1, log_qu_x: -234, log_qu_x_weighed: -46.7
Inner Step: 2600, loss: 23.89, log p(x|A): -15.47, dag: 16.86793695, log p(A)_sp: -0.85, log q(A): -0.172, H filled: 0.000, rec: 0.000, penalty_dag_weighed: 0.156, log_p_u: -271, log_p_u_weighed: -54.1, log_qu_x: -233, log_qu_x_weighed: -46.5
Inner Step: 2700, loss: 24.42, log p(x|A): -15.84, dag: 16.75083996, log p(A)_sp: -0.85, log q(A): -0.169, H filled: 0.000, rec: 0.000, penalty_dag_weighed: 0.151, log_p_u: -271, log_p_u_weighed: -54.2, log_qu_x: -232, log_qu_x_weighed: -46.4
Inner Step: 2800, loss: 23.91, log p(x|A): -15.23, dag: 16.98400314, log p(A)_sp: -0.84, log q(A): -0.167, H filled: 0.000, rec: 0.000, penalty_dag_weighed: 0.154, log_p_u: -271, log_p_u_weighed: -54.2, log_qu_x: -232, log_qu_x_weighed: -46.3
Inner Step: 2900, loss: 23.11, log p(x|A): -14.38, dag: 16.54420439, log p(A)_sp: -0.83, log q(A): -0.164, H filled: 0.000, rec: 0.000, penalty_dag_weighed: 0.148, log_p_u: -271, log_p_u_weighed: -54.2, log_qu_x: -231, log_qu_x_weighed: -46.3
Inner Step: 3000, loss: 23.10, log p(x|A): -14.39, dag: 16.18083647, log p(A)_sp: -0.82, log q(A): -0.162, H filled: 0.000, rec: 0.000, penalty_dag_weighed: 0.144, log_p_u: -271, log_p_u_weighed: -54.2, log_qu_x: -231, log_qu_x_weighed: -46.3
Traceback (most recent call last):
  File "/opt/conda/envs/causica/lib/python3.9/runpy.py", line 197, in _run_module_as_main
    return _run_code(code, main_globals, None,
  File "/opt/conda/envs/causica/lib/python3.9/runpy.py", line 87, in _run_code
    exec(code, run_globals)
  File "/root/causica/causica/run_experiment.py", line 302, in <module>
    main(sys.argv[1:])
  File "/root/causica/causica/run_experiment.py", line 298, in main
    run_experiment_on_parsed_args(args, run_context=run_context)
  File "/root/causica/causica/run_experiment.py", line 254, in run_experiment_on_parsed_args
    run_experiment(
  File "/root/causica/causica/run_experiment.py", line 195, in run_experiment
    kwargs_file = run_context.aml_step(
  File "/root/causica/causica/run_experiment.py", line 196, in <lambda>
    (lambda **kwargs: run_single_seed_experiment(ExperimentArguments(**kwargs))),
  File "/root/causica/causica/experiment/run_single_seed_experiment.py", line 143, in run_single_seed_experiment
    model = run_train_main(
  File "/root/causica/causica/experiment/steps/train_step.py", line 47, in run_train_main
    model.run_train(dataset=dataset, train_config_dict=train_hypers)  # type: ignore
  File "/root/causica/causica/models/deci/deci.py", line 1546, in run_train
    done_inner, tracker_loss_terms = self.optimize_inner_auglag(
  File "/root/causica/causica/models/deci/deci.py", line 1745, in optimize_inner_auglag
    loss.backward()
  File "/opt/conda/envs/causica/lib/python3.9/site-packages/torch/_tensor.py", line 488, in backward
    torch.autograd.backward(
  File "/opt/conda/envs/causica/lib/python3.9/site-packages/torch/autograd/__init__.py", line 197, in backward
    Variable._execution_engine.run_backward(  # Calls into the C++ engine to run the backward pass
KeyboardInterrupt
